ARM GAS  /var/folders/sd/sw6_rvdd1xd6sxxq8gkv_lph0000gn/T//cck0yIdM.s 			page 1


   1              		.cpu cortex-m4
   2              		.eabi_attribute 27, 1
   3              		.eabi_attribute 28, 1
   4              		.eabi_attribute 20, 1
   5              		.eabi_attribute 21, 1
   6              		.eabi_attribute 23, 3
   7              		.eabi_attribute 24, 1
   8              		.eabi_attribute 25, 1
   9              		.eabi_attribute 26, 1
  10              		.eabi_attribute 30, 1
  11              		.eabi_attribute 34, 1
  12              		.eabi_attribute 18, 4
  13              		.file	"stm32f4xx_it.c"
  14              		.text
  15              	.Ltext0:
  16              		.cfi_sections	.debug_frame
  17              		.section	.text.NMI_Handler,"ax",%progbits
  18              		.align	1
  19              		.global	NMI_Handler
  20              		.arch armv7e-m
  21              		.syntax unified
  22              		.thumb
  23              		.thumb_func
  24              		.fpu fpv4-sp-d16
  26              	NMI_Handler:
  27              	.LFB130:
  28              		.file 1 "Core/Src/stm32f4xx_it.c"
   1:Core/Src/stm32f4xx_it.c **** /* USER CODE BEGIN Header */
   2:Core/Src/stm32f4xx_it.c **** /**
   3:Core/Src/stm32f4xx_it.c ****   ******************************************************************************
   4:Core/Src/stm32f4xx_it.c ****   * @file    stm32f4xx_it.c
   5:Core/Src/stm32f4xx_it.c ****   * @brief   Interrupt Service Routines.
   6:Core/Src/stm32f4xx_it.c ****   ******************************************************************************
   7:Core/Src/stm32f4xx_it.c ****   * @attention
   8:Core/Src/stm32f4xx_it.c ****   *
   9:Core/Src/stm32f4xx_it.c ****   * <h2><center>&copy; Copyright (c) 2021 STMicroelectronics.
  10:Core/Src/stm32f4xx_it.c ****   * All rights reserved.</center></h2>
  11:Core/Src/stm32f4xx_it.c ****   *
  12:Core/Src/stm32f4xx_it.c ****   * This software component is licensed by ST under Ultimate Liberty license
  13:Core/Src/stm32f4xx_it.c ****   * SLA0044, the "License"; You may not use this file except in compliance with
  14:Core/Src/stm32f4xx_it.c ****   * the License. You may obtain a copy of the License at:
  15:Core/Src/stm32f4xx_it.c ****   *                             www.st.com/SLA0044
  16:Core/Src/stm32f4xx_it.c ****   *
  17:Core/Src/stm32f4xx_it.c ****   ******************************************************************************
  18:Core/Src/stm32f4xx_it.c ****   */
  19:Core/Src/stm32f4xx_it.c **** /* USER CODE END Header */
  20:Core/Src/stm32f4xx_it.c **** 
  21:Core/Src/stm32f4xx_it.c **** /* Includes ------------------------------------------------------------------*/
  22:Core/Src/stm32f4xx_it.c **** #include "main.h"
  23:Core/Src/stm32f4xx_it.c **** #include "stm32f4xx_it.h"
  24:Core/Src/stm32f4xx_it.c **** /* Private includes ----------------------------------------------------------*/
  25:Core/Src/stm32f4xx_it.c **** /* USER CODE BEGIN Includes */
  26:Core/Src/stm32f4xx_it.c **** /* USER CODE END Includes */
  27:Core/Src/stm32f4xx_it.c **** 
  28:Core/Src/stm32f4xx_it.c **** /* Private typedef -----------------------------------------------------------*/
  29:Core/Src/stm32f4xx_it.c **** /* USER CODE BEGIN TD */
  30:Core/Src/stm32f4xx_it.c **** 
ARM GAS  /var/folders/sd/sw6_rvdd1xd6sxxq8gkv_lph0000gn/T//cck0yIdM.s 			page 2


  31:Core/Src/stm32f4xx_it.c **** /* USER CODE END TD */
  32:Core/Src/stm32f4xx_it.c **** 
  33:Core/Src/stm32f4xx_it.c **** /* Private define ------------------------------------------------------------*/
  34:Core/Src/stm32f4xx_it.c **** /* USER CODE BEGIN PD */
  35:Core/Src/stm32f4xx_it.c **** 
  36:Core/Src/stm32f4xx_it.c **** /* USER CODE END PD */
  37:Core/Src/stm32f4xx_it.c **** 
  38:Core/Src/stm32f4xx_it.c **** /* Private macro -------------------------------------------------------------*/
  39:Core/Src/stm32f4xx_it.c **** /* USER CODE BEGIN PM */
  40:Core/Src/stm32f4xx_it.c **** 
  41:Core/Src/stm32f4xx_it.c **** /* USER CODE END PM */
  42:Core/Src/stm32f4xx_it.c **** 
  43:Core/Src/stm32f4xx_it.c **** /* Private variables ---------------------------------------------------------*/
  44:Core/Src/stm32f4xx_it.c **** /* USER CODE BEGIN PV */
  45:Core/Src/stm32f4xx_it.c **** 
  46:Core/Src/stm32f4xx_it.c **** /* USER CODE END PV */
  47:Core/Src/stm32f4xx_it.c **** 
  48:Core/Src/stm32f4xx_it.c **** /* Private function prototypes -----------------------------------------------*/
  49:Core/Src/stm32f4xx_it.c **** /* USER CODE BEGIN PFP */
  50:Core/Src/stm32f4xx_it.c **** 
  51:Core/Src/stm32f4xx_it.c **** /* USER CODE END PFP */
  52:Core/Src/stm32f4xx_it.c **** 
  53:Core/Src/stm32f4xx_it.c **** /* Private user code ---------------------------------------------------------*/
  54:Core/Src/stm32f4xx_it.c **** /* USER CODE BEGIN 0 */
  55:Core/Src/stm32f4xx_it.c **** 
  56:Core/Src/stm32f4xx_it.c **** /* USER CODE END 0 */
  57:Core/Src/stm32f4xx_it.c **** 
  58:Core/Src/stm32f4xx_it.c **** /* External variables --------------------------------------------------------*/
  59:Core/Src/stm32f4xx_it.c **** extern HCD_HandleTypeDef hhcd_USB_OTG_FS;
  60:Core/Src/stm32f4xx_it.c **** extern TIM_HandleTypeDef htim2;
  61:Core/Src/stm32f4xx_it.c **** /* USER CODE BEGIN EV */
  62:Core/Src/stm32f4xx_it.c **** 
  63:Core/Src/stm32f4xx_it.c **** /* USER CODE END EV */
  64:Core/Src/stm32f4xx_it.c **** 
  65:Core/Src/stm32f4xx_it.c **** /******************************************************************************/
  66:Core/Src/stm32f4xx_it.c **** /*           Cortex-M4 Processor Interruption and Exception Handlers          */
  67:Core/Src/stm32f4xx_it.c **** /******************************************************************************/
  68:Core/Src/stm32f4xx_it.c **** /**
  69:Core/Src/stm32f4xx_it.c ****   * @brief This function handles Non maskable interrupt.
  70:Core/Src/stm32f4xx_it.c ****   */
  71:Core/Src/stm32f4xx_it.c **** void NMI_Handler(void)
  72:Core/Src/stm32f4xx_it.c **** {
  29              		.loc 1 72 1 view -0
  30              		.cfi_startproc
  31              		@ Volatile: function does not return.
  32              		@ args = 0, pretend = 0, frame = 0
  33              		@ frame_needed = 0, uses_anonymous_args = 0
  34              		@ link register save eliminated.
  35              	.L2:
  73:Core/Src/stm32f4xx_it.c ****   /* USER CODE BEGIN NonMaskableInt_IRQn 0 */
  74:Core/Src/stm32f4xx_it.c **** 
  75:Core/Src/stm32f4xx_it.c ****   /* USER CODE END NonMaskableInt_IRQn 0 */
  76:Core/Src/stm32f4xx_it.c ****   /* USER CODE BEGIN NonMaskableInt_IRQn 1 */
  77:Core/Src/stm32f4xx_it.c ****   while (1)
  36              		.loc 1 77 3 discriminator 1 view .LVU1
  78:Core/Src/stm32f4xx_it.c ****   {
  79:Core/Src/stm32f4xx_it.c ****   }
ARM GAS  /var/folders/sd/sw6_rvdd1xd6sxxq8gkv_lph0000gn/T//cck0yIdM.s 			page 3


  37              		.loc 1 79 3 discriminator 1 view .LVU2
  77:Core/Src/stm32f4xx_it.c ****   {
  38              		.loc 1 77 9 discriminator 1 view .LVU3
  39 0000 FEE7     		b	.L2
  40              		.cfi_endproc
  41              	.LFE130:
  43              		.section	.text.HardFault_Handler,"ax",%progbits
  44              		.align	1
  45              		.global	HardFault_Handler
  46              		.syntax unified
  47              		.thumb
  48              		.thumb_func
  49              		.fpu fpv4-sp-d16
  51              	HardFault_Handler:
  52              	.LFB131:
  80:Core/Src/stm32f4xx_it.c ****   /* USER CODE END NonMaskableInt_IRQn 1 */
  81:Core/Src/stm32f4xx_it.c **** }
  82:Core/Src/stm32f4xx_it.c **** 
  83:Core/Src/stm32f4xx_it.c **** /**
  84:Core/Src/stm32f4xx_it.c ****   * @brief This function handles Hard fault interrupt.
  85:Core/Src/stm32f4xx_it.c ****   */
  86:Core/Src/stm32f4xx_it.c **** void HardFault_Handler(void)
  87:Core/Src/stm32f4xx_it.c **** {
  53              		.loc 1 87 1 view -0
  54              		.cfi_startproc
  55              		@ Volatile: function does not return.
  56              		@ args = 0, pretend = 0, frame = 0
  57              		@ frame_needed = 0, uses_anonymous_args = 0
  58              		@ link register save eliminated.
  59              	.L4:
  88:Core/Src/stm32f4xx_it.c ****   /* USER CODE BEGIN HardFault_IRQn 0 */
  89:Core/Src/stm32f4xx_it.c **** 
  90:Core/Src/stm32f4xx_it.c ****   /* USER CODE END HardFault_IRQn 0 */
  91:Core/Src/stm32f4xx_it.c ****   while (1)
  60              		.loc 1 91 3 discriminator 1 view .LVU5
  92:Core/Src/stm32f4xx_it.c ****   {
  93:Core/Src/stm32f4xx_it.c ****     /* USER CODE BEGIN W1_HardFault_IRQn 0 */
  94:Core/Src/stm32f4xx_it.c ****     /* USER CODE END W1_HardFault_IRQn 0 */
  95:Core/Src/stm32f4xx_it.c ****   }
  61              		.loc 1 95 3 discriminator 1 view .LVU6
  91:Core/Src/stm32f4xx_it.c ****   {
  62              		.loc 1 91 9 discriminator 1 view .LVU7
  63 0000 FEE7     		b	.L4
  64              		.cfi_endproc
  65              	.LFE131:
  67              		.section	.text.MemManage_Handler,"ax",%progbits
  68              		.align	1
  69              		.global	MemManage_Handler
  70              		.syntax unified
  71              		.thumb
  72              		.thumb_func
  73              		.fpu fpv4-sp-d16
  75              	MemManage_Handler:
  76              	.LFB132:
  96:Core/Src/stm32f4xx_it.c **** }
  97:Core/Src/stm32f4xx_it.c **** 
  98:Core/Src/stm32f4xx_it.c **** /**
ARM GAS  /var/folders/sd/sw6_rvdd1xd6sxxq8gkv_lph0000gn/T//cck0yIdM.s 			page 4


  99:Core/Src/stm32f4xx_it.c ****   * @brief This function handles Memory management fault.
 100:Core/Src/stm32f4xx_it.c ****   */
 101:Core/Src/stm32f4xx_it.c **** void MemManage_Handler(void)
 102:Core/Src/stm32f4xx_it.c **** {
  77              		.loc 1 102 1 view -0
  78              		.cfi_startproc
  79              		@ Volatile: function does not return.
  80              		@ args = 0, pretend = 0, frame = 0
  81              		@ frame_needed = 0, uses_anonymous_args = 0
  82              		@ link register save eliminated.
  83              	.L6:
 103:Core/Src/stm32f4xx_it.c ****   /* USER CODE BEGIN MemoryManagement_IRQn 0 */
 104:Core/Src/stm32f4xx_it.c **** 
 105:Core/Src/stm32f4xx_it.c ****   /* USER CODE END MemoryManagement_IRQn 0 */
 106:Core/Src/stm32f4xx_it.c ****   while (1)
  84              		.loc 1 106 3 discriminator 1 view .LVU9
 107:Core/Src/stm32f4xx_it.c ****   {
 108:Core/Src/stm32f4xx_it.c ****     /* USER CODE BEGIN W1_MemoryManagement_IRQn 0 */
 109:Core/Src/stm32f4xx_it.c ****     /* USER CODE END W1_MemoryManagement_IRQn 0 */
 110:Core/Src/stm32f4xx_it.c ****   }
  85              		.loc 1 110 3 discriminator 1 view .LVU10
 106:Core/Src/stm32f4xx_it.c ****   {
  86              		.loc 1 106 9 discriminator 1 view .LVU11
  87 0000 FEE7     		b	.L6
  88              		.cfi_endproc
  89              	.LFE132:
  91              		.section	.text.BusFault_Handler,"ax",%progbits
  92              		.align	1
  93              		.global	BusFault_Handler
  94              		.syntax unified
  95              		.thumb
  96              		.thumb_func
  97              		.fpu fpv4-sp-d16
  99              	BusFault_Handler:
 100              	.LFB133:
 111:Core/Src/stm32f4xx_it.c **** }
 112:Core/Src/stm32f4xx_it.c **** 
 113:Core/Src/stm32f4xx_it.c **** /**
 114:Core/Src/stm32f4xx_it.c ****   * @brief This function handles Pre-fetch fault, memory access fault.
 115:Core/Src/stm32f4xx_it.c ****   */
 116:Core/Src/stm32f4xx_it.c **** void BusFault_Handler(void)
 117:Core/Src/stm32f4xx_it.c **** {
 101              		.loc 1 117 1 view -0
 102              		.cfi_startproc
 103              		@ Volatile: function does not return.
 104              		@ args = 0, pretend = 0, frame = 0
 105              		@ frame_needed = 0, uses_anonymous_args = 0
 106              		@ link register save eliminated.
 107              	.L8:
 118:Core/Src/stm32f4xx_it.c ****   /* USER CODE BEGIN BusFault_IRQn 0 */
 119:Core/Src/stm32f4xx_it.c **** 
 120:Core/Src/stm32f4xx_it.c ****   /* USER CODE END BusFault_IRQn 0 */
 121:Core/Src/stm32f4xx_it.c ****   while (1)
 108              		.loc 1 121 3 discriminator 1 view .LVU13
 122:Core/Src/stm32f4xx_it.c ****   {
 123:Core/Src/stm32f4xx_it.c ****     /* USER CODE BEGIN W1_BusFault_IRQn 0 */
 124:Core/Src/stm32f4xx_it.c ****     /* USER CODE END W1_BusFault_IRQn 0 */
ARM GAS  /var/folders/sd/sw6_rvdd1xd6sxxq8gkv_lph0000gn/T//cck0yIdM.s 			page 5


 125:Core/Src/stm32f4xx_it.c ****   }
 109              		.loc 1 125 3 discriminator 1 view .LVU14
 121:Core/Src/stm32f4xx_it.c ****   {
 110              		.loc 1 121 9 discriminator 1 view .LVU15
 111 0000 FEE7     		b	.L8
 112              		.cfi_endproc
 113              	.LFE133:
 115              		.section	.text.UsageFault_Handler,"ax",%progbits
 116              		.align	1
 117              		.global	UsageFault_Handler
 118              		.syntax unified
 119              		.thumb
 120              		.thumb_func
 121              		.fpu fpv4-sp-d16
 123              	UsageFault_Handler:
 124              	.LFB134:
 126:Core/Src/stm32f4xx_it.c **** }
 127:Core/Src/stm32f4xx_it.c **** 
 128:Core/Src/stm32f4xx_it.c **** /**
 129:Core/Src/stm32f4xx_it.c ****   * @brief This function handles Undefined instruction or illegal state.
 130:Core/Src/stm32f4xx_it.c ****   */
 131:Core/Src/stm32f4xx_it.c **** void UsageFault_Handler(void)
 132:Core/Src/stm32f4xx_it.c **** {
 125              		.loc 1 132 1 view -0
 126              		.cfi_startproc
 127              		@ Volatile: function does not return.
 128              		@ args = 0, pretend = 0, frame = 0
 129              		@ frame_needed = 0, uses_anonymous_args = 0
 130              		@ link register save eliminated.
 131              	.L10:
 133:Core/Src/stm32f4xx_it.c ****   /* USER CODE BEGIN UsageFault_IRQn 0 */
 134:Core/Src/stm32f4xx_it.c **** 
 135:Core/Src/stm32f4xx_it.c ****   /* USER CODE END UsageFault_IRQn 0 */
 136:Core/Src/stm32f4xx_it.c ****   while (1)
 132              		.loc 1 136 3 discriminator 1 view .LVU17
 137:Core/Src/stm32f4xx_it.c ****   {
 138:Core/Src/stm32f4xx_it.c ****     /* USER CODE BEGIN W1_UsageFault_IRQn 0 */
 139:Core/Src/stm32f4xx_it.c ****     /* USER CODE END W1_UsageFault_IRQn 0 */
 140:Core/Src/stm32f4xx_it.c ****   }
 133              		.loc 1 140 3 discriminator 1 view .LVU18
 136:Core/Src/stm32f4xx_it.c ****   {
 134              		.loc 1 136 9 discriminator 1 view .LVU19
 135 0000 FEE7     		b	.L10
 136              		.cfi_endproc
 137              	.LFE134:
 139              		.section	.text.SVC_Handler,"ax",%progbits
 140              		.align	1
 141              		.global	SVC_Handler
 142              		.syntax unified
 143              		.thumb
 144              		.thumb_func
 145              		.fpu fpv4-sp-d16
 147              	SVC_Handler:
 148              	.LFB135:
 141:Core/Src/stm32f4xx_it.c **** }
 142:Core/Src/stm32f4xx_it.c **** 
 143:Core/Src/stm32f4xx_it.c **** /**
ARM GAS  /var/folders/sd/sw6_rvdd1xd6sxxq8gkv_lph0000gn/T//cck0yIdM.s 			page 6


 144:Core/Src/stm32f4xx_it.c ****   * @brief This function handles System service call via SWI instruction.
 145:Core/Src/stm32f4xx_it.c ****   */
 146:Core/Src/stm32f4xx_it.c **** void SVC_Handler(void)
 147:Core/Src/stm32f4xx_it.c **** {
 149              		.loc 1 147 1 view -0
 150              		.cfi_startproc
 151              		@ args = 0, pretend = 0, frame = 0
 152              		@ frame_needed = 0, uses_anonymous_args = 0
 153              		@ link register save eliminated.
 148:Core/Src/stm32f4xx_it.c ****   /* USER CODE BEGIN SVCall_IRQn 0 */
 149:Core/Src/stm32f4xx_it.c **** 
 150:Core/Src/stm32f4xx_it.c ****   /* USER CODE END SVCall_IRQn 0 */
 151:Core/Src/stm32f4xx_it.c ****   /* USER CODE BEGIN SVCall_IRQn 1 */
 152:Core/Src/stm32f4xx_it.c **** 
 153:Core/Src/stm32f4xx_it.c ****   /* USER CODE END SVCall_IRQn 1 */
 154:Core/Src/stm32f4xx_it.c **** }
 154              		.loc 1 154 1 view .LVU21
 155 0000 7047     		bx	lr
 156              		.cfi_endproc
 157              	.LFE135:
 159              		.section	.text.DebugMon_Handler,"ax",%progbits
 160              		.align	1
 161              		.global	DebugMon_Handler
 162              		.syntax unified
 163              		.thumb
 164              		.thumb_func
 165              		.fpu fpv4-sp-d16
 167              	DebugMon_Handler:
 168              	.LFB136:
 155:Core/Src/stm32f4xx_it.c **** 
 156:Core/Src/stm32f4xx_it.c **** /**
 157:Core/Src/stm32f4xx_it.c ****   * @brief This function handles Debug monitor.
 158:Core/Src/stm32f4xx_it.c ****   */
 159:Core/Src/stm32f4xx_it.c **** void DebugMon_Handler(void)
 160:Core/Src/stm32f4xx_it.c **** {
 169              		.loc 1 160 1 view -0
 170              		.cfi_startproc
 171              		@ args = 0, pretend = 0, frame = 0
 172              		@ frame_needed = 0, uses_anonymous_args = 0
 173              		@ link register save eliminated.
 161:Core/Src/stm32f4xx_it.c ****   /* USER CODE BEGIN DebugMonitor_IRQn 0 */
 162:Core/Src/stm32f4xx_it.c **** 
 163:Core/Src/stm32f4xx_it.c ****   /* USER CODE END DebugMonitor_IRQn 0 */
 164:Core/Src/stm32f4xx_it.c ****   /* USER CODE BEGIN DebugMonitor_IRQn 1 */
 165:Core/Src/stm32f4xx_it.c **** 
 166:Core/Src/stm32f4xx_it.c ****   /* USER CODE END DebugMonitor_IRQn 1 */
 167:Core/Src/stm32f4xx_it.c **** }
 174              		.loc 1 167 1 view .LVU23
 175 0000 7047     		bx	lr
 176              		.cfi_endproc
 177              	.LFE136:
 179              		.section	.text.PendSV_Handler,"ax",%progbits
 180              		.align	1
 181              		.global	PendSV_Handler
 182              		.syntax unified
 183              		.thumb
 184              		.thumb_func
ARM GAS  /var/folders/sd/sw6_rvdd1xd6sxxq8gkv_lph0000gn/T//cck0yIdM.s 			page 7


 185              		.fpu fpv4-sp-d16
 187              	PendSV_Handler:
 188              	.LFB137:
 168:Core/Src/stm32f4xx_it.c **** 
 169:Core/Src/stm32f4xx_it.c **** /**
 170:Core/Src/stm32f4xx_it.c ****   * @brief This function handles Pendable request for system service.
 171:Core/Src/stm32f4xx_it.c ****   */
 172:Core/Src/stm32f4xx_it.c **** void PendSV_Handler(void)
 173:Core/Src/stm32f4xx_it.c **** {
 189              		.loc 1 173 1 view -0
 190              		.cfi_startproc
 191              		@ args = 0, pretend = 0, frame = 0
 192              		@ frame_needed = 0, uses_anonymous_args = 0
 193              		@ link register save eliminated.
 174:Core/Src/stm32f4xx_it.c ****   /* USER CODE BEGIN PendSV_IRQn 0 */
 175:Core/Src/stm32f4xx_it.c **** 
 176:Core/Src/stm32f4xx_it.c ****   /* USER CODE END PendSV_IRQn 0 */
 177:Core/Src/stm32f4xx_it.c ****   /* USER CODE BEGIN PendSV_IRQn 1 */
 178:Core/Src/stm32f4xx_it.c **** 
 179:Core/Src/stm32f4xx_it.c ****   /* USER CODE END PendSV_IRQn 1 */
 180:Core/Src/stm32f4xx_it.c **** }
 194              		.loc 1 180 1 view .LVU25
 195 0000 7047     		bx	lr
 196              		.cfi_endproc
 197              	.LFE137:
 199              		.section	.text.SysTick_Handler,"ax",%progbits
 200              		.align	1
 201              		.global	SysTick_Handler
 202              		.syntax unified
 203              		.thumb
 204              		.thumb_func
 205              		.fpu fpv4-sp-d16
 207              	SysTick_Handler:
 208              	.LFB138:
 181:Core/Src/stm32f4xx_it.c **** 
 182:Core/Src/stm32f4xx_it.c **** /**
 183:Core/Src/stm32f4xx_it.c ****   * @brief This function handles System tick timer.
 184:Core/Src/stm32f4xx_it.c ****   */
 185:Core/Src/stm32f4xx_it.c **** void SysTick_Handler(void)
 186:Core/Src/stm32f4xx_it.c **** {
 209              		.loc 1 186 1 view -0
 210              		.cfi_startproc
 211              		@ args = 0, pretend = 0, frame = 0
 212              		@ frame_needed = 0, uses_anonymous_args = 0
 213 0000 08B5     		push	{r3, lr}
 214              	.LCFI0:
 215              		.cfi_def_cfa_offset 8
 216              		.cfi_offset 3, -8
 217              		.cfi_offset 14, -4
 187:Core/Src/stm32f4xx_it.c ****   /* USER CODE BEGIN SysTick_IRQn 0 */
 188:Core/Src/stm32f4xx_it.c **** 
 189:Core/Src/stm32f4xx_it.c ****   /* USER CODE END SysTick_IRQn 0 */
 190:Core/Src/stm32f4xx_it.c ****   HAL_IncTick();
 218              		.loc 1 190 3 view .LVU27
 219 0002 FFF7FEFF 		bl	HAL_IncTick
 220              	.LVL0:
 191:Core/Src/stm32f4xx_it.c ****   /* USER CODE BEGIN SysTick_IRQn 1 */
ARM GAS  /var/folders/sd/sw6_rvdd1xd6sxxq8gkv_lph0000gn/T//cck0yIdM.s 			page 8


 192:Core/Src/stm32f4xx_it.c **** 
 193:Core/Src/stm32f4xx_it.c ****   /* USER CODE END SysTick_IRQn 1 */
 194:Core/Src/stm32f4xx_it.c **** }
 221              		.loc 1 194 1 is_stmt 0 view .LVU28
 222 0006 08BD     		pop	{r3, pc}
 223              		.cfi_endproc
 224              	.LFE138:
 226              		.section	.text.EXTI0_IRQHandler,"ax",%progbits
 227              		.align	1
 228              		.global	EXTI0_IRQHandler
 229              		.syntax unified
 230              		.thumb
 231              		.thumb_func
 232              		.fpu fpv4-sp-d16
 234              	EXTI0_IRQHandler:
 235              	.LFB139:
 195:Core/Src/stm32f4xx_it.c **** 
 196:Core/Src/stm32f4xx_it.c **** /******************************************************************************/
 197:Core/Src/stm32f4xx_it.c **** /* STM32F4xx Peripheral Interrupt Handlers                                    */
 198:Core/Src/stm32f4xx_it.c **** /* Add here the Interrupt Handlers for the used peripherals.                  */
 199:Core/Src/stm32f4xx_it.c **** /* For the available peripheral interrupt handler names,                      */
 200:Core/Src/stm32f4xx_it.c **** /* please refer to the startup file (startup_stm32f4xx.s).                    */
 201:Core/Src/stm32f4xx_it.c **** /******************************************************************************/
 202:Core/Src/stm32f4xx_it.c **** 
 203:Core/Src/stm32f4xx_it.c **** /**
 204:Core/Src/stm32f4xx_it.c ****   * @brief This function handles EXTI line0 interrupt.
 205:Core/Src/stm32f4xx_it.c ****   */
 206:Core/Src/stm32f4xx_it.c **** void EXTI0_IRQHandler(void)
 207:Core/Src/stm32f4xx_it.c **** {
 236              		.loc 1 207 1 is_stmt 1 view -0
 237              		.cfi_startproc
 238              		@ args = 0, pretend = 0, frame = 0
 239              		@ frame_needed = 0, uses_anonymous_args = 0
 240 0000 08B5     		push	{r3, lr}
 241              	.LCFI1:
 242              		.cfi_def_cfa_offset 8
 243              		.cfi_offset 3, -8
 244              		.cfi_offset 14, -4
 208:Core/Src/stm32f4xx_it.c ****   /* USER CODE BEGIN EXTI0_IRQn 0 */
 209:Core/Src/stm32f4xx_it.c ****     HAL_GPIO_WritePin(GPIOB, GPIO_PIN_1, GPIO_PIN_SET);
 245              		.loc 1 209 5 view .LVU30
 246 0002 0122     		movs	r2, #1
 247 0004 0221     		movs	r1, #2
 248 0006 0348     		ldr	r0, .L18
 249 0008 FFF7FEFF 		bl	HAL_GPIO_WritePin
 250              	.LVL1:
 210:Core/Src/stm32f4xx_it.c ****   /* USER CODE END EXTI0_IRQn 0 */
 211:Core/Src/stm32f4xx_it.c ****   HAL_GPIO_EXTI_IRQHandler(GPIO_PIN_0);
 251              		.loc 1 211 3 view .LVU31
 252 000c 0120     		movs	r0, #1
 253 000e FFF7FEFF 		bl	HAL_GPIO_EXTI_IRQHandler
 254              	.LVL2:
 212:Core/Src/stm32f4xx_it.c ****   /* USER CODE BEGIN EXTI0_IRQn 1 */
 213:Core/Src/stm32f4xx_it.c **** 
 214:Core/Src/stm32f4xx_it.c ****   /* USER CODE END EXTI0_IRQn 1 */
 215:Core/Src/stm32f4xx_it.c **** }
 255              		.loc 1 215 1 is_stmt 0 view .LVU32
ARM GAS  /var/folders/sd/sw6_rvdd1xd6sxxq8gkv_lph0000gn/T//cck0yIdM.s 			page 9


 256 0012 08BD     		pop	{r3, pc}
 257              	.L19:
 258              		.align	2
 259              	.L18:
 260 0014 00040240 		.word	1073873920
 261              		.cfi_endproc
 262              	.LFE139:
 264              		.section	.text.TIM2_IRQHandler,"ax",%progbits
 265              		.align	1
 266              		.global	TIM2_IRQHandler
 267              		.syntax unified
 268              		.thumb
 269              		.thumb_func
 270              		.fpu fpv4-sp-d16
 272              	TIM2_IRQHandler:
 273              	.LFB140:
 216:Core/Src/stm32f4xx_it.c **** 
 217:Core/Src/stm32f4xx_it.c **** /**
 218:Core/Src/stm32f4xx_it.c ****   * @brief This function handles TIM2 global interrupt.
 219:Core/Src/stm32f4xx_it.c ****   */
 220:Core/Src/stm32f4xx_it.c **** void TIM2_IRQHandler(void)
 221:Core/Src/stm32f4xx_it.c **** {
 274              		.loc 1 221 1 is_stmt 1 view -0
 275              		.cfi_startproc
 276              		@ args = 0, pretend = 0, frame = 0
 277              		@ frame_needed = 0, uses_anonymous_args = 0
 278 0000 08B5     		push	{r3, lr}
 279              	.LCFI2:
 280              		.cfi_def_cfa_offset 8
 281              		.cfi_offset 3, -8
 282              		.cfi_offset 14, -4
 222:Core/Src/stm32f4xx_it.c ****   /* USER CODE BEGIN TIM2_IRQn 0 */
 223:Core/Src/stm32f4xx_it.c **** 
 224:Core/Src/stm32f4xx_it.c ****   /* USER CODE END TIM2_IRQn 0 */
 225:Core/Src/stm32f4xx_it.c ****   HAL_TIM_IRQHandler(&htim2);
 283              		.loc 1 225 3 view .LVU34
 284 0002 0248     		ldr	r0, .L22
 285 0004 FFF7FEFF 		bl	HAL_TIM_IRQHandler
 286              	.LVL3:
 226:Core/Src/stm32f4xx_it.c ****   /* USER CODE BEGIN TIM2_IRQn 1 */
 227:Core/Src/stm32f4xx_it.c **** 
 228:Core/Src/stm32f4xx_it.c ****   /* USER CODE END TIM2_IRQn 1 */
 229:Core/Src/stm32f4xx_it.c **** }
 287              		.loc 1 229 1 is_stmt 0 view .LVU35
 288 0008 08BD     		pop	{r3, pc}
 289              	.L23:
 290 000a 00BF     		.align	2
 291              	.L22:
 292 000c 00000000 		.word	htim2
 293              		.cfi_endproc
 294              	.LFE140:
 296              		.section	.text.OTG_FS_IRQHandler,"ax",%progbits
 297              		.align	1
 298              		.global	OTG_FS_IRQHandler
 299              		.syntax unified
 300              		.thumb
 301              		.thumb_func
ARM GAS  /var/folders/sd/sw6_rvdd1xd6sxxq8gkv_lph0000gn/T//cck0yIdM.s 			page 10


 302              		.fpu fpv4-sp-d16
 304              	OTG_FS_IRQHandler:
 305              	.LFB141:
 230:Core/Src/stm32f4xx_it.c **** 
 231:Core/Src/stm32f4xx_it.c **** /**
 232:Core/Src/stm32f4xx_it.c ****   * @brief This function handles USB On The Go FS global interrupt.
 233:Core/Src/stm32f4xx_it.c ****   */
 234:Core/Src/stm32f4xx_it.c **** void OTG_FS_IRQHandler(void)
 235:Core/Src/stm32f4xx_it.c **** {
 306              		.loc 1 235 1 is_stmt 1 view -0
 307              		.cfi_startproc
 308              		@ args = 0, pretend = 0, frame = 0
 309              		@ frame_needed = 0, uses_anonymous_args = 0
 310 0000 08B5     		push	{r3, lr}
 311              	.LCFI3:
 312              		.cfi_def_cfa_offset 8
 313              		.cfi_offset 3, -8
 314              		.cfi_offset 14, -4
 236:Core/Src/stm32f4xx_it.c ****   /* USER CODE BEGIN OTG_FS_IRQn 0 */
 237:Core/Src/stm32f4xx_it.c **** 
 238:Core/Src/stm32f4xx_it.c ****   /* USER CODE END OTG_FS_IRQn 0 */
 239:Core/Src/stm32f4xx_it.c ****   HAL_HCD_IRQHandler(&hhcd_USB_OTG_FS);
 315              		.loc 1 239 3 view .LVU37
 316 0002 0248     		ldr	r0, .L26
 317 0004 FFF7FEFF 		bl	HAL_HCD_IRQHandler
 318              	.LVL4:
 240:Core/Src/stm32f4xx_it.c ****   /* USER CODE BEGIN OTG_FS_IRQn 1 */
 241:Core/Src/stm32f4xx_it.c **** 
 242:Core/Src/stm32f4xx_it.c ****   /* USER CODE END OTG_FS_IRQn 1 */
 243:Core/Src/stm32f4xx_it.c **** }
 319              		.loc 1 243 1 is_stmt 0 view .LVU38
 320 0008 08BD     		pop	{r3, pc}
 321              	.L27:
 322 000a 00BF     		.align	2
 323              	.L26:
 324 000c 00000000 		.word	hhcd_USB_OTG_FS
 325              		.cfi_endproc
 326              	.LFE141:
 328              		.text
 329              	.Letext0:
 330              		.file 2 "/opt/homebrew/Caskroom/gcc-arm-embedded/10-2020-q4-major/gcc-arm-none-eabi-10-2020-q4-maj
 331              		.file 3 "/opt/homebrew/Caskroom/gcc-arm-embedded/10-2020-q4-major/gcc-arm-none-eabi-10-2020-q4-maj
 332              		.file 4 "Drivers/CMSIS/Device/ST/STM32F4xx/Include/stm32f407xx.h"
 333              		.file 5 "Drivers/STM32F4xx_HAL_Driver/Inc/stm32f4xx_hal_def.h"
 334              		.file 6 "Drivers/STM32F4xx_HAL_Driver/Inc/stm32f4xx_hal_gpio.h"
 335              		.file 7 "Drivers/STM32F4xx_HAL_Driver/Inc/stm32f4xx_hal_dma.h"
 336              		.file 8 "Drivers/STM32F4xx_HAL_Driver/Inc/stm32f4xx_hal_tim.h"
 337              		.file 9 "Drivers/STM32F4xx_HAL_Driver/Inc/stm32f4xx_ll_usb.h"
 338              		.file 10 "Drivers/STM32F4xx_HAL_Driver/Inc/stm32f4xx_hal_hcd.h"
 339              		.file 11 "Drivers/STM32F4xx_HAL_Driver/Inc/stm32f4xx_hal.h"
ARM GAS  /var/folders/sd/sw6_rvdd1xd6sxxq8gkv_lph0000gn/T//cck0yIdM.s 			page 11


DEFINED SYMBOLS
                            *ABS*:0000000000000000 stm32f4xx_it.c
/var/folders/sd/sw6_rvdd1xd6sxxq8gkv_lph0000gn/T//cck0yIdM.s:18     .text.NMI_Handler:0000000000000000 $t
/var/folders/sd/sw6_rvdd1xd6sxxq8gkv_lph0000gn/T//cck0yIdM.s:26     .text.NMI_Handler:0000000000000000 NMI_Handler
/var/folders/sd/sw6_rvdd1xd6sxxq8gkv_lph0000gn/T//cck0yIdM.s:44     .text.HardFault_Handler:0000000000000000 $t
/var/folders/sd/sw6_rvdd1xd6sxxq8gkv_lph0000gn/T//cck0yIdM.s:51     .text.HardFault_Handler:0000000000000000 HardFault_Handler
/var/folders/sd/sw6_rvdd1xd6sxxq8gkv_lph0000gn/T//cck0yIdM.s:68     .text.MemManage_Handler:0000000000000000 $t
/var/folders/sd/sw6_rvdd1xd6sxxq8gkv_lph0000gn/T//cck0yIdM.s:75     .text.MemManage_Handler:0000000000000000 MemManage_Handler
/var/folders/sd/sw6_rvdd1xd6sxxq8gkv_lph0000gn/T//cck0yIdM.s:92     .text.BusFault_Handler:0000000000000000 $t
/var/folders/sd/sw6_rvdd1xd6sxxq8gkv_lph0000gn/T//cck0yIdM.s:99     .text.BusFault_Handler:0000000000000000 BusFault_Handler
/var/folders/sd/sw6_rvdd1xd6sxxq8gkv_lph0000gn/T//cck0yIdM.s:116    .text.UsageFault_Handler:0000000000000000 $t
/var/folders/sd/sw6_rvdd1xd6sxxq8gkv_lph0000gn/T//cck0yIdM.s:123    .text.UsageFault_Handler:0000000000000000 UsageFault_Handler
/var/folders/sd/sw6_rvdd1xd6sxxq8gkv_lph0000gn/T//cck0yIdM.s:140    .text.SVC_Handler:0000000000000000 $t
/var/folders/sd/sw6_rvdd1xd6sxxq8gkv_lph0000gn/T//cck0yIdM.s:147    .text.SVC_Handler:0000000000000000 SVC_Handler
/var/folders/sd/sw6_rvdd1xd6sxxq8gkv_lph0000gn/T//cck0yIdM.s:160    .text.DebugMon_Handler:0000000000000000 $t
/var/folders/sd/sw6_rvdd1xd6sxxq8gkv_lph0000gn/T//cck0yIdM.s:167    .text.DebugMon_Handler:0000000000000000 DebugMon_Handler
/var/folders/sd/sw6_rvdd1xd6sxxq8gkv_lph0000gn/T//cck0yIdM.s:180    .text.PendSV_Handler:0000000000000000 $t
/var/folders/sd/sw6_rvdd1xd6sxxq8gkv_lph0000gn/T//cck0yIdM.s:187    .text.PendSV_Handler:0000000000000000 PendSV_Handler
/var/folders/sd/sw6_rvdd1xd6sxxq8gkv_lph0000gn/T//cck0yIdM.s:200    .text.SysTick_Handler:0000000000000000 $t
/var/folders/sd/sw6_rvdd1xd6sxxq8gkv_lph0000gn/T//cck0yIdM.s:207    .text.SysTick_Handler:0000000000000000 SysTick_Handler
/var/folders/sd/sw6_rvdd1xd6sxxq8gkv_lph0000gn/T//cck0yIdM.s:227    .text.EXTI0_IRQHandler:0000000000000000 $t
/var/folders/sd/sw6_rvdd1xd6sxxq8gkv_lph0000gn/T//cck0yIdM.s:234    .text.EXTI0_IRQHandler:0000000000000000 EXTI0_IRQHandler
/var/folders/sd/sw6_rvdd1xd6sxxq8gkv_lph0000gn/T//cck0yIdM.s:260    .text.EXTI0_IRQHandler:0000000000000014 $d
/var/folders/sd/sw6_rvdd1xd6sxxq8gkv_lph0000gn/T//cck0yIdM.s:265    .text.TIM2_IRQHandler:0000000000000000 $t
/var/folders/sd/sw6_rvdd1xd6sxxq8gkv_lph0000gn/T//cck0yIdM.s:272    .text.TIM2_IRQHandler:0000000000000000 TIM2_IRQHandler
/var/folders/sd/sw6_rvdd1xd6sxxq8gkv_lph0000gn/T//cck0yIdM.s:292    .text.TIM2_IRQHandler:000000000000000c $d
/var/folders/sd/sw6_rvdd1xd6sxxq8gkv_lph0000gn/T//cck0yIdM.s:297    .text.OTG_FS_IRQHandler:0000000000000000 $t
/var/folders/sd/sw6_rvdd1xd6sxxq8gkv_lph0000gn/T//cck0yIdM.s:304    .text.OTG_FS_IRQHandler:0000000000000000 OTG_FS_IRQHandler
/var/folders/sd/sw6_rvdd1xd6sxxq8gkv_lph0000gn/T//cck0yIdM.s:324    .text.OTG_FS_IRQHandler:000000000000000c $d

UNDEFINED SYMBOLS
HAL_IncTick
HAL_GPIO_WritePin
HAL_GPIO_EXTI_IRQHandler
HAL_TIM_IRQHandler
htim2
HAL_HCD_IRQHandler
hhcd_USB_OTG_FS
