<<<<<<< HEAD
ARM GAS  /tmp/ccjiQD2i.s 			page 1
=======
ARM GAS  /var/folders/sd/sw6_rvdd1xd6sxxq8gkv_lph0000gn/T//cc34BgJX.s 			page 1
>>>>>>> 39ed18b683eb2f8a6ec743f59c040fa67718c0e0


   1              		.cpu cortex-m4
   2              		.eabi_attribute 27, 1
   3              		.eabi_attribute 28, 1
   4              		.eabi_attribute 20, 1
   5              		.eabi_attribute 21, 1
   6              		.eabi_attribute 23, 3
   7              		.eabi_attribute 24, 1
   8              		.eabi_attribute 25, 1
   9              		.eabi_attribute 26, 1
  10              		.eabi_attribute 30, 1
  11              		.eabi_attribute 34, 1
  12              		.eabi_attribute 18, 4
  13              		.file	"stm32f4xx_hal_flash_ramfunc.c"
  14              		.text
  15              	.Ltext0:
  16              		.cfi_sections	.debug_frame
  17              	.Letext0:
<<<<<<< HEAD
ARM GAS  /tmp/ccjiQD2i.s 			page 2
=======
ARM GAS  /var/folders/sd/sw6_rvdd1xd6sxxq8gkv_lph0000gn/T//cc34BgJX.s 			page 2
>>>>>>> 39ed18b683eb2f8a6ec743f59c040fa67718c0e0


DEFINED SYMBOLS
                            *ABS*:0000000000000000 stm32f4xx_hal_flash_ramfunc.c

NO UNDEFINED SYMBOLS
