ARM GAS  /var/folders/sd/sw6_rvdd1xd6sxxq8gkv_lph0000gn/T//ccoQf4Gj.s 			page 1


   1              		.cpu cortex-m4
   2              		.eabi_attribute 27, 1
   3              		.eabi_attribute 28, 1
   4              		.eabi_attribute 20, 1
   5              		.eabi_attribute 21, 1
   6              		.eabi_attribute 23, 3
   7              		.eabi_attribute 24, 1
   8              		.eabi_attribute 25, 1
   9              		.eabi_attribute 26, 1
  10              		.eabi_attribute 30, 1
  11              		.eabi_attribute 34, 1
  12              		.eabi_attribute 18, 4
  13              		.file	"stm32f4xx_it.c"
  14              		.text
  15              	.Ltext0:
  16              		.cfi_sections	.debug_frame
  17              		.section	.text.NMI_Handler,"ax",%progbits
  18              		.align	1
  19              		.global	NMI_Handler
  20              		.arch armv7e-m
  21              		.syntax unified
  22              		.thumb
  23              		.thumb_func
  24              		.fpu fpv4-sp-d16
  26              	NMI_Handler:
  27              	.LFB235:
  28              		.file 1 "Core/Src/stm32f4xx_it.c"
   1:Core/Src/stm32f4xx_it.c **** /* USER CODE BEGIN Header */
   2:Core/Src/stm32f4xx_it.c **** /**
   3:Core/Src/stm32f4xx_it.c ****   ******************************************************************************
   4:Core/Src/stm32f4xx_it.c ****   * @file    stm32f4xx_it.c
   5:Core/Src/stm32f4xx_it.c ****   * @brief   Interrupt Service Routines.
   6:Core/Src/stm32f4xx_it.c ****   ******************************************************************************
   7:Core/Src/stm32f4xx_it.c ****   * @attention
   8:Core/Src/stm32f4xx_it.c ****   *
   9:Core/Src/stm32f4xx_it.c ****   * <h2><center>&copy; Copyright (c) 2021 STMicroelectronics.
  10:Core/Src/stm32f4xx_it.c ****   * All rights reserved.</center></h2>
  11:Core/Src/stm32f4xx_it.c ****   *
  12:Core/Src/stm32f4xx_it.c ****   * This software component is licensed by ST under Ultimate Liberty license
  13:Core/Src/stm32f4xx_it.c ****   * SLA0044, the "License"; You may not use this file except in compliance with
  14:Core/Src/stm32f4xx_it.c ****   * the License. You may obtain a copy of the License at:
  15:Core/Src/stm32f4xx_it.c ****   *                             www.st.com/SLA0044
  16:Core/Src/stm32f4xx_it.c ****   *
  17:Core/Src/stm32f4xx_it.c ****   ******************************************************************************
  18:Core/Src/stm32f4xx_it.c ****   */
  19:Core/Src/stm32f4xx_it.c **** /* USER CODE END Header */
  20:Core/Src/stm32f4xx_it.c **** 
  21:Core/Src/stm32f4xx_it.c **** /* Includes ------------------------------------------------------------------*/
  22:Core/Src/stm32f4xx_it.c **** #include "main.h"
  23:Core/Src/stm32f4xx_it.c **** #include "stm32f4xx_it.h"
  24:Core/Src/stm32f4xx_it.c **** /* Private includes ----------------------------------------------------------*/
  25:Core/Src/stm32f4xx_it.c **** /* USER CODE BEGIN Includes */
  26:Core/Src/stm32f4xx_it.c **** /* USER CODE END Includes */
  27:Core/Src/stm32f4xx_it.c **** 
  28:Core/Src/stm32f4xx_it.c **** /* Private typedef -----------------------------------------------------------*/
  29:Core/Src/stm32f4xx_it.c **** /* USER CODE BEGIN TD */
  30:Core/Src/stm32f4xx_it.c **** 
ARM GAS  /var/folders/sd/sw6_rvdd1xd6sxxq8gkv_lph0000gn/T//ccoQf4Gj.s 			page 2


  31:Core/Src/stm32f4xx_it.c **** /* USER CODE END TD */
  32:Core/Src/stm32f4xx_it.c **** 
  33:Core/Src/stm32f4xx_it.c **** /* Private define ------------------------------------------------------------*/
  34:Core/Src/stm32f4xx_it.c **** /* USER CODE BEGIN PD */
  35:Core/Src/stm32f4xx_it.c **** 
  36:Core/Src/stm32f4xx_it.c **** /* USER CODE END PD */
  37:Core/Src/stm32f4xx_it.c **** 
  38:Core/Src/stm32f4xx_it.c **** /* Private macro -------------------------------------------------------------*/
  39:Core/Src/stm32f4xx_it.c **** /* USER CODE BEGIN PM */
  40:Core/Src/stm32f4xx_it.c **** 
  41:Core/Src/stm32f4xx_it.c **** /* USER CODE END PM */
  42:Core/Src/stm32f4xx_it.c **** 
  43:Core/Src/stm32f4xx_it.c **** /* Private variables ---------------------------------------------------------*/
  44:Core/Src/stm32f4xx_it.c **** /* USER CODE BEGIN PV */
  45:Core/Src/stm32f4xx_it.c **** extern uint16_t envelope;
  46:Core/Src/stm32f4xx_it.c **** extern uint8_t envelope_array[50];
  47:Core/Src/stm32f4xx_it.c **** 
  48:Core/Src/stm32f4xx_it.c **** /* USER CODE END PV */
  49:Core/Src/stm32f4xx_it.c **** 
  50:Core/Src/stm32f4xx_it.c **** /* Private function prototypes -----------------------------------------------*/
  51:Core/Src/stm32f4xx_it.c **** /* USER CODE BEGIN PFP */
  52:Core/Src/stm32f4xx_it.c **** 
  53:Core/Src/stm32f4xx_it.c **** /* USER CODE END PFP */
  54:Core/Src/stm32f4xx_it.c **** 
  55:Core/Src/stm32f4xx_it.c **** /* Private user code ---------------------------------------------------------*/
  56:Core/Src/stm32f4xx_it.c **** /* USER CODE BEGIN 0 */
  57:Core/Src/stm32f4xx_it.c **** 
  58:Core/Src/stm32f4xx_it.c **** /* USER CODE END 0 */
  59:Core/Src/stm32f4xx_it.c **** 
  60:Core/Src/stm32f4xx_it.c **** /* External variables --------------------------------------------------------*/
  61:Core/Src/stm32f4xx_it.c **** extern HCD_HandleTypeDef hhcd_USB_OTG_FS;
  62:Core/Src/stm32f4xx_it.c **** extern TIM_HandleTypeDef htim2;
  63:Core/Src/stm32f4xx_it.c **** extern TIM_HandleTypeDef htim3;
  64:Core/Src/stm32f4xx_it.c **** extern TIM_HandleTypeDef htim4;
  65:Core/Src/stm32f4xx_it.c **** extern ADC_HandleTypeDef hadc2;
  66:Core/Src/stm32f4xx_it.c **** extern UART_HandleTypeDef huart4;
  67:Core/Src/stm32f4xx_it.c **** /* USER CODE BEGIN EV */
  68:Core/Src/stm32f4xx_it.c **** 
  69:Core/Src/stm32f4xx_it.c **** /* USER CODE END EV */
  70:Core/Src/stm32f4xx_it.c **** 
  71:Core/Src/stm32f4xx_it.c **** /******************************************************************************/
  72:Core/Src/stm32f4xx_it.c **** /*           Cortex-M4 Processor Interruption and Exception Handlers          */
  73:Core/Src/stm32f4xx_it.c **** /******************************************************************************/
  74:Core/Src/stm32f4xx_it.c **** /**
  75:Core/Src/stm32f4xx_it.c ****   * @brief This function handles Non maskable interrupt.
  76:Core/Src/stm32f4xx_it.c ****   */
  77:Core/Src/stm32f4xx_it.c **** void NMI_Handler(void)
  78:Core/Src/stm32f4xx_it.c **** {
  29              		.loc 1 78 1 view -0
  30              		.cfi_startproc
  31              		@ Volatile: function does not return.
  32              		@ args = 0, pretend = 0, frame = 0
  33              		@ frame_needed = 0, uses_anonymous_args = 0
  34              		@ link register save eliminated.
  35              	.L2:
  79:Core/Src/stm32f4xx_it.c ****   /* USER CODE BEGIN NonMaskableInt_IRQn 0 */
  80:Core/Src/stm32f4xx_it.c **** 
ARM GAS  /var/folders/sd/sw6_rvdd1xd6sxxq8gkv_lph0000gn/T//ccoQf4Gj.s 			page 3


  81:Core/Src/stm32f4xx_it.c ****   /* USER CODE END NonMaskableInt_IRQn 0 */
  82:Core/Src/stm32f4xx_it.c ****   /* USER CODE BEGIN NonMaskableInt_IRQn 1 */
  83:Core/Src/stm32f4xx_it.c ****   while (1)
  36              		.loc 1 83 3 discriminator 1 view .LVU1
  84:Core/Src/stm32f4xx_it.c ****   {
  85:Core/Src/stm32f4xx_it.c ****   }
  37              		.loc 1 85 3 discriminator 1 view .LVU2
  83:Core/Src/stm32f4xx_it.c ****   {
  38              		.loc 1 83 9 discriminator 1 view .LVU3
  39 0000 FEE7     		b	.L2
  40              		.cfi_endproc
  41              	.LFE235:
  43              		.section	.text.HardFault_Handler,"ax",%progbits
  44              		.align	1
  45              		.global	HardFault_Handler
  46              		.syntax unified
  47              		.thumb
  48              		.thumb_func
  49              		.fpu fpv4-sp-d16
  51              	HardFault_Handler:
  52              	.LFB236:
  86:Core/Src/stm32f4xx_it.c ****   /* USER CODE END NonMaskableInt_IRQn 1 */
  87:Core/Src/stm32f4xx_it.c **** }
  88:Core/Src/stm32f4xx_it.c **** 
  89:Core/Src/stm32f4xx_it.c **** /**
  90:Core/Src/stm32f4xx_it.c ****   * @brief This function handles Hard fault interrupt.
  91:Core/Src/stm32f4xx_it.c ****   */
  92:Core/Src/stm32f4xx_it.c **** void HardFault_Handler(void)
  93:Core/Src/stm32f4xx_it.c **** {
  53              		.loc 1 93 1 view -0
  54              		.cfi_startproc
  55              		@ Volatile: function does not return.
  56              		@ args = 0, pretend = 0, frame = 0
  57              		@ frame_needed = 0, uses_anonymous_args = 0
  58              		@ link register save eliminated.
  59              	.L4:
  94:Core/Src/stm32f4xx_it.c ****   /* USER CODE BEGIN HardFault_IRQn 0 */
  95:Core/Src/stm32f4xx_it.c **** 
  96:Core/Src/stm32f4xx_it.c ****   /* USER CODE END HardFault_IRQn 0 */
  97:Core/Src/stm32f4xx_it.c ****   while (1)
  60              		.loc 1 97 3 discriminator 1 view .LVU5
  98:Core/Src/stm32f4xx_it.c ****   {
  99:Core/Src/stm32f4xx_it.c ****     /* USER CODE BEGIN W1_HardFault_IRQn 0 */
 100:Core/Src/stm32f4xx_it.c ****     /* USER CODE END W1_HardFault_IRQn 0 */
 101:Core/Src/stm32f4xx_it.c ****   }
  61              		.loc 1 101 3 discriminator 1 view .LVU6
  97:Core/Src/stm32f4xx_it.c ****   {
  62              		.loc 1 97 9 discriminator 1 view .LVU7
  63 0000 FEE7     		b	.L4
  64              		.cfi_endproc
  65              	.LFE236:
  67              		.section	.text.MemManage_Handler,"ax",%progbits
  68              		.align	1
  69              		.global	MemManage_Handler
  70              		.syntax unified
  71              		.thumb
  72              		.thumb_func
ARM GAS  /var/folders/sd/sw6_rvdd1xd6sxxq8gkv_lph0000gn/T//ccoQf4Gj.s 			page 4


  73              		.fpu fpv4-sp-d16
  75              	MemManage_Handler:
  76              	.LFB237:
 102:Core/Src/stm32f4xx_it.c **** }
 103:Core/Src/stm32f4xx_it.c **** 
 104:Core/Src/stm32f4xx_it.c **** /**
 105:Core/Src/stm32f4xx_it.c ****   * @brief This function handles Memory management fault.
 106:Core/Src/stm32f4xx_it.c ****   */
 107:Core/Src/stm32f4xx_it.c **** void MemManage_Handler(void)
 108:Core/Src/stm32f4xx_it.c **** {
  77              		.loc 1 108 1 view -0
  78              		.cfi_startproc
  79              		@ Volatile: function does not return.
  80              		@ args = 0, pretend = 0, frame = 0
  81              		@ frame_needed = 0, uses_anonymous_args = 0
  82              		@ link register save eliminated.
  83              	.L6:
 109:Core/Src/stm32f4xx_it.c ****   /* USER CODE BEGIN MemoryManagement_IRQn 0 */
 110:Core/Src/stm32f4xx_it.c **** 
 111:Core/Src/stm32f4xx_it.c ****   /* USER CODE END MemoryManagement_IRQn 0 */
 112:Core/Src/stm32f4xx_it.c ****   while (1)
  84              		.loc 1 112 3 discriminator 1 view .LVU9
 113:Core/Src/stm32f4xx_it.c ****   {
 114:Core/Src/stm32f4xx_it.c ****     /* USER CODE BEGIN W1_MemoryManagement_IRQn 0 */
 115:Core/Src/stm32f4xx_it.c ****     /* USER CODE END W1_MemoryManagement_IRQn 0 */
 116:Core/Src/stm32f4xx_it.c ****   }
  85              		.loc 1 116 3 discriminator 1 view .LVU10
 112:Core/Src/stm32f4xx_it.c ****   {
  86              		.loc 1 112 9 discriminator 1 view .LVU11
  87 0000 FEE7     		b	.L6
  88              		.cfi_endproc
  89              	.LFE237:
  91              		.section	.text.BusFault_Handler,"ax",%progbits
  92              		.align	1
  93              		.global	BusFault_Handler
  94              		.syntax unified
  95              		.thumb
  96              		.thumb_func
  97              		.fpu fpv4-sp-d16
  99              	BusFault_Handler:
 100              	.LFB238:
 117:Core/Src/stm32f4xx_it.c **** }
 118:Core/Src/stm32f4xx_it.c **** 
 119:Core/Src/stm32f4xx_it.c **** /**
 120:Core/Src/stm32f4xx_it.c ****   * @brief This function handles Pre-fetch fault, memory access fault.
 121:Core/Src/stm32f4xx_it.c ****   */
 122:Core/Src/stm32f4xx_it.c **** void BusFault_Handler(void)
 123:Core/Src/stm32f4xx_it.c **** {
 101              		.loc 1 123 1 view -0
 102              		.cfi_startproc
 103              		@ Volatile: function does not return.
 104              		@ args = 0, pretend = 0, frame = 0
 105              		@ frame_needed = 0, uses_anonymous_args = 0
 106              		@ link register save eliminated.
 107              	.L8:
 124:Core/Src/stm32f4xx_it.c ****   /* USER CODE BEGIN BusFault_IRQn 0 */
 125:Core/Src/stm32f4xx_it.c **** 
ARM GAS  /var/folders/sd/sw6_rvdd1xd6sxxq8gkv_lph0000gn/T//ccoQf4Gj.s 			page 5


 126:Core/Src/stm32f4xx_it.c ****   /* USER CODE END BusFault_IRQn 0 */
 127:Core/Src/stm32f4xx_it.c ****   while (1)
 108              		.loc 1 127 3 discriminator 1 view .LVU13
 128:Core/Src/stm32f4xx_it.c ****   {
 129:Core/Src/stm32f4xx_it.c ****     /* USER CODE BEGIN W1_BusFault_IRQn 0 */
 130:Core/Src/stm32f4xx_it.c ****     /* USER CODE END W1_BusFault_IRQn 0 */
 131:Core/Src/stm32f4xx_it.c ****   }
 109              		.loc 1 131 3 discriminator 1 view .LVU14
 127:Core/Src/stm32f4xx_it.c ****   {
 110              		.loc 1 127 9 discriminator 1 view .LVU15
 111 0000 FEE7     		b	.L8
 112              		.cfi_endproc
 113              	.LFE238:
 115              		.section	.text.UsageFault_Handler,"ax",%progbits
 116              		.align	1
 117              		.global	UsageFault_Handler
 118              		.syntax unified
 119              		.thumb
 120              		.thumb_func
 121              		.fpu fpv4-sp-d16
 123              	UsageFault_Handler:
 124              	.LFB239:
 132:Core/Src/stm32f4xx_it.c **** }
 133:Core/Src/stm32f4xx_it.c **** 
 134:Core/Src/stm32f4xx_it.c **** /**
 135:Core/Src/stm32f4xx_it.c ****   * @brief This function handles Undefined instruction or illegal state.
 136:Core/Src/stm32f4xx_it.c ****   */
 137:Core/Src/stm32f4xx_it.c **** void UsageFault_Handler(void)
 138:Core/Src/stm32f4xx_it.c **** {
 125              		.loc 1 138 1 view -0
 126              		.cfi_startproc
 127              		@ Volatile: function does not return.
 128              		@ args = 0, pretend = 0, frame = 0
 129              		@ frame_needed = 0, uses_anonymous_args = 0
 130              		@ link register save eliminated.
 131              	.L10:
 139:Core/Src/stm32f4xx_it.c ****   /* USER CODE BEGIN UsageFault_IRQn 0 */
 140:Core/Src/stm32f4xx_it.c **** 
 141:Core/Src/stm32f4xx_it.c ****   /* USER CODE END UsageFault_IRQn 0 */
 142:Core/Src/stm32f4xx_it.c ****   while (1)
 132              		.loc 1 142 3 discriminator 1 view .LVU17
 143:Core/Src/stm32f4xx_it.c ****   {
 144:Core/Src/stm32f4xx_it.c ****     /* USER CODE BEGIN W1_UsageFault_IRQn 0 */
 145:Core/Src/stm32f4xx_it.c ****     /* USER CODE END W1_UsageFault_IRQn 0 */
 146:Core/Src/stm32f4xx_it.c ****   }
 133              		.loc 1 146 3 discriminator 1 view .LVU18
 142:Core/Src/stm32f4xx_it.c ****   {
 134              		.loc 1 142 9 discriminator 1 view .LVU19
 135 0000 FEE7     		b	.L10
 136              		.cfi_endproc
 137              	.LFE239:
 139              		.section	.text.SVC_Handler,"ax",%progbits
 140              		.align	1
 141              		.global	SVC_Handler
 142              		.syntax unified
 143              		.thumb
 144              		.thumb_func
ARM GAS  /var/folders/sd/sw6_rvdd1xd6sxxq8gkv_lph0000gn/T//ccoQf4Gj.s 			page 6


 145              		.fpu fpv4-sp-d16
 147              	SVC_Handler:
 148              	.LFB240:
 147:Core/Src/stm32f4xx_it.c **** }
 148:Core/Src/stm32f4xx_it.c **** 
 149:Core/Src/stm32f4xx_it.c **** /**
 150:Core/Src/stm32f4xx_it.c ****   * @brief This function handles System service call via SWI instruction.
 151:Core/Src/stm32f4xx_it.c ****   */
 152:Core/Src/stm32f4xx_it.c **** void SVC_Handler(void)
 153:Core/Src/stm32f4xx_it.c **** {
 149              		.loc 1 153 1 view -0
 150              		.cfi_startproc
 151              		@ args = 0, pretend = 0, frame = 0
 152              		@ frame_needed = 0, uses_anonymous_args = 0
 153              		@ link register save eliminated.
 154:Core/Src/stm32f4xx_it.c ****   /* USER CODE BEGIN SVCall_IRQn 0 */
 155:Core/Src/stm32f4xx_it.c **** 
 156:Core/Src/stm32f4xx_it.c ****   /* USER CODE END SVCall_IRQn 0 */
 157:Core/Src/stm32f4xx_it.c ****   /* USER CODE BEGIN SVCall_IRQn 1 */
 158:Core/Src/stm32f4xx_it.c **** 
 159:Core/Src/stm32f4xx_it.c ****   /* USER CODE END SVCall_IRQn 1 */
 160:Core/Src/stm32f4xx_it.c **** }
 154              		.loc 1 160 1 view .LVU21
 155 0000 7047     		bx	lr
 156              		.cfi_endproc
 157              	.LFE240:
 159              		.section	.text.DebugMon_Handler,"ax",%progbits
 160              		.align	1
 161              		.global	DebugMon_Handler
 162              		.syntax unified
 163              		.thumb
 164              		.thumb_func
 165              		.fpu fpv4-sp-d16
 167              	DebugMon_Handler:
 168              	.LFB241:
 161:Core/Src/stm32f4xx_it.c **** 
 162:Core/Src/stm32f4xx_it.c **** /**
 163:Core/Src/stm32f4xx_it.c ****   * @brief This function handles Debug monitor.
 164:Core/Src/stm32f4xx_it.c ****   */
 165:Core/Src/stm32f4xx_it.c **** void DebugMon_Handler(void)
 166:Core/Src/stm32f4xx_it.c **** {
 169              		.loc 1 166 1 view -0
 170              		.cfi_startproc
 171              		@ args = 0, pretend = 0, frame = 0
 172              		@ frame_needed = 0, uses_anonymous_args = 0
 173              		@ link register save eliminated.
 167:Core/Src/stm32f4xx_it.c ****   /* USER CODE BEGIN DebugMonitor_IRQn 0 */
 168:Core/Src/stm32f4xx_it.c **** 
 169:Core/Src/stm32f4xx_it.c ****   /* USER CODE END DebugMonitor_IRQn 0 */
 170:Core/Src/stm32f4xx_it.c ****   /* USER CODE BEGIN DebugMonitor_IRQn 1 */
 171:Core/Src/stm32f4xx_it.c **** 
 172:Core/Src/stm32f4xx_it.c ****   /* USER CODE END DebugMonitor_IRQn 1 */
 173:Core/Src/stm32f4xx_it.c **** }
 174              		.loc 1 173 1 view .LVU23
 175 0000 7047     		bx	lr
 176              		.cfi_endproc
 177              	.LFE241:
ARM GAS  /var/folders/sd/sw6_rvdd1xd6sxxq8gkv_lph0000gn/T//ccoQf4Gj.s 			page 7


 179              		.section	.text.PendSV_Handler,"ax",%progbits
 180              		.align	1
 181              		.global	PendSV_Handler
 182              		.syntax unified
 183              		.thumb
 184              		.thumb_func
 185              		.fpu fpv4-sp-d16
 187              	PendSV_Handler:
 188              	.LFB242:
 174:Core/Src/stm32f4xx_it.c **** 
 175:Core/Src/stm32f4xx_it.c **** /**
 176:Core/Src/stm32f4xx_it.c ****   * @brief This function handles Pendable request for system service.
 177:Core/Src/stm32f4xx_it.c ****   */
 178:Core/Src/stm32f4xx_it.c **** void PendSV_Handler(void)
 179:Core/Src/stm32f4xx_it.c **** {
 189              		.loc 1 179 1 view -0
 190              		.cfi_startproc
 191              		@ args = 0, pretend = 0, frame = 0
 192              		@ frame_needed = 0, uses_anonymous_args = 0
 193              		@ link register save eliminated.
 180:Core/Src/stm32f4xx_it.c ****   /* USER CODE BEGIN PendSV_IRQn 0 */
 181:Core/Src/stm32f4xx_it.c **** 
 182:Core/Src/stm32f4xx_it.c ****   /* USER CODE END PendSV_IRQn 0 */
 183:Core/Src/stm32f4xx_it.c ****   /* USER CODE BEGIN PendSV_IRQn 1 */
 184:Core/Src/stm32f4xx_it.c **** 
 185:Core/Src/stm32f4xx_it.c ****   /* USER CODE END PendSV_IRQn 1 */
 186:Core/Src/stm32f4xx_it.c **** }
 194              		.loc 1 186 1 view .LVU25
 195 0000 7047     		bx	lr
 196              		.cfi_endproc
 197              	.LFE242:
 199              		.section	.text.SysTick_Handler,"ax",%progbits
 200              		.align	1
 201              		.global	SysTick_Handler
 202              		.syntax unified
 203              		.thumb
 204              		.thumb_func
 205              		.fpu fpv4-sp-d16
 207              	SysTick_Handler:
 208              	.LFB243:
 187:Core/Src/stm32f4xx_it.c **** 
 188:Core/Src/stm32f4xx_it.c **** /**
 189:Core/Src/stm32f4xx_it.c ****   * @brief This function handles System tick timer.
 190:Core/Src/stm32f4xx_it.c ****   */
 191:Core/Src/stm32f4xx_it.c **** void SysTick_Handler(void)
 192:Core/Src/stm32f4xx_it.c **** {
 209              		.loc 1 192 1 view -0
 210              		.cfi_startproc
 211              		@ args = 0, pretend = 0, frame = 0
 212              		@ frame_needed = 0, uses_anonymous_args = 0
 213 0000 08B5     		push	{r3, lr}
 214              	.LCFI0:
 215              		.cfi_def_cfa_offset 8
 216              		.cfi_offset 3, -8
 217              		.cfi_offset 14, -4
 193:Core/Src/stm32f4xx_it.c ****   /* USER CODE BEGIN SysTick_IRQn 0 */
 194:Core/Src/stm32f4xx_it.c **** 
ARM GAS  /var/folders/sd/sw6_rvdd1xd6sxxq8gkv_lph0000gn/T//ccoQf4Gj.s 			page 8


 195:Core/Src/stm32f4xx_it.c ****   /* USER CODE END SysTick_IRQn 0 */
 196:Core/Src/stm32f4xx_it.c ****   HAL_IncTick();
 218              		.loc 1 196 3 view .LVU27
 219 0002 FFF7FEFF 		bl	HAL_IncTick
 220              	.LVL0:
 197:Core/Src/stm32f4xx_it.c ****   /* USER CODE BEGIN SysTick_IRQn 1 */
 198:Core/Src/stm32f4xx_it.c **** 
 199:Core/Src/stm32f4xx_it.c ****   /* USER CODE END SysTick_IRQn 1 */
 200:Core/Src/stm32f4xx_it.c **** }
 221              		.loc 1 200 1 is_stmt 0 view .LVU28
 222 0006 08BD     		pop	{r3, pc}
 223              		.cfi_endproc
 224              	.LFE243:
 226              		.section	.text.TIM2_IRQHandler,"ax",%progbits
 227              		.align	1
 228              		.global	TIM2_IRQHandler
 229              		.syntax unified
 230              		.thumb
 231              		.thumb_func
 232              		.fpu fpv4-sp-d16
 234              	TIM2_IRQHandler:
 235              	.LFB244:
 201:Core/Src/stm32f4xx_it.c **** 
 202:Core/Src/stm32f4xx_it.c **** /******************************************************************************/
 203:Core/Src/stm32f4xx_it.c **** /* STM32F4xx Peripheral Interrupt Handlers                                    */
 204:Core/Src/stm32f4xx_it.c **** /* Add here the Interrupt Handlers for the used peripherals.                  */
 205:Core/Src/stm32f4xx_it.c **** /* For the available peripheral interrupt handler names,                      */
 206:Core/Src/stm32f4xx_it.c **** /* please refer to the startup file (startup_stm32f4xx.s).                    */
 207:Core/Src/stm32f4xx_it.c **** /******************************************************************************/
 208:Core/Src/stm32f4xx_it.c **** 
 209:Core/Src/stm32f4xx_it.c **** /**
 210:Core/Src/stm32f4xx_it.c ****   * @brief This function handles TIM2 global interrupt.
 211:Core/Src/stm32f4xx_it.c ****   */
 212:Core/Src/stm32f4xx_it.c **** void TIM2_IRQHandler(void)
 213:Core/Src/stm32f4xx_it.c **** {
 236              		.loc 1 213 1 is_stmt 1 view -0
 237              		.cfi_startproc
 238              		@ args = 0, pretend = 0, frame = 0
 239              		@ frame_needed = 0, uses_anonymous_args = 0
 240 0000 08B5     		push	{r3, lr}
 241              	.LCFI1:
 242              		.cfi_def_cfa_offset 8
 243              		.cfi_offset 3, -8
 244              		.cfi_offset 14, -4
 214:Core/Src/stm32f4xx_it.c ****   /* USER CODE BEGIN TIM2_IRQn 0 */
 215:Core/Src/stm32f4xx_it.c ****   HAL_GPIO_WritePin(GPIOA, GPIO_PIN_1, GPIO_PIN_SET);
 245              		.loc 1 215 3 view .LVU30
 246 0002 0122     		movs	r2, #1
 247 0004 0221     		movs	r1, #2
 248 0006 0348     		ldr	r0, .L18
 249 0008 FFF7FEFF 		bl	HAL_GPIO_WritePin
 250              	.LVL1:
 216:Core/Src/stm32f4xx_it.c **** 
 217:Core/Src/stm32f4xx_it.c ****   /* USER CODE END TIM2_IRQn 0 */
 218:Core/Src/stm32f4xx_it.c ****   HAL_TIM_IRQHandler(&htim2);
 251              		.loc 1 218 3 view .LVU31
 252 000c 0248     		ldr	r0, .L18+4
ARM GAS  /var/folders/sd/sw6_rvdd1xd6sxxq8gkv_lph0000gn/T//ccoQf4Gj.s 			page 9


 253 000e FFF7FEFF 		bl	HAL_TIM_IRQHandler
 254              	.LVL2:
 219:Core/Src/stm32f4xx_it.c ****   /* USER CODE BEGIN TIM2_IRQn 1 */
 220:Core/Src/stm32f4xx_it.c **** 
 221:Core/Src/stm32f4xx_it.c ****   /* USER CODE END TIM2_IRQn 1 */
 222:Core/Src/stm32f4xx_it.c **** }
 255              		.loc 1 222 1 is_stmt 0 view .LVU32
 256 0012 08BD     		pop	{r3, pc}
 257              	.L19:
 258              		.align	2
 259              	.L18:
 260 0014 00000240 		.word	1073872896
 261 0018 00000000 		.word	htim2
 262              		.cfi_endproc
 263              	.LFE244:
 265              		.section	.text.TIM3_IRQHandler,"ax",%progbits
 266              		.align	1
 267              		.global	TIM3_IRQHandler
 268              		.syntax unified
 269              		.thumb
 270              		.thumb_func
 271              		.fpu fpv4-sp-d16
 273              	TIM3_IRQHandler:
 274              	.LFB245:
 223:Core/Src/stm32f4xx_it.c **** 
 224:Core/Src/stm32f4xx_it.c **** /**
 225:Core/Src/stm32f4xx_it.c ****   * @brief This function handles TIM3 global interrupt.
 226:Core/Src/stm32f4xx_it.c ****   */
 227:Core/Src/stm32f4xx_it.c **** void TIM3_IRQHandler(void)
 228:Core/Src/stm32f4xx_it.c **** {
 275              		.loc 1 228 1 is_stmt 1 view -0
 276              		.cfi_startproc
 277              		@ args = 0, pretend = 0, frame = 0
 278              		@ frame_needed = 0, uses_anonymous_args = 0
 279 0000 10B5     		push	{r4, lr}
 280              	.LCFI2:
 281              		.cfi_def_cfa_offset 8
 282              		.cfi_offset 4, -8
 283              		.cfi_offset 14, -4
 229:Core/Src/stm32f4xx_it.c ****   /* USER CODE BEGIN TIM3_IRQn 0 */
 230:Core/Src/stm32f4xx_it.c ****   HAL_ADC_Start(&hadc2);
 284              		.loc 1 230 3 view .LVU34
 285 0002 0A4C     		ldr	r4, .L22
 286 0004 2046     		mov	r0, r4
 287 0006 FFF7FEFF 		bl	HAL_ADC_Start
 288              	.LVL3:
 231:Core/Src/stm32f4xx_it.c ****   HAL_ADC_PollForConversion(&hadc2, HAL_MAX_DELAY);
 289              		.loc 1 231 3 view .LVU35
 290 000a 4FF0FF31 		mov	r1, #-1
 291 000e 2046     		mov	r0, r4
 292 0010 FFF7FEFF 		bl	HAL_ADC_PollForConversion
 293              	.LVL4:
 232:Core/Src/stm32f4xx_it.c ****   envelope = HAL_ADC_GetValue(&hadc2);
 294              		.loc 1 232 3 view .LVU36
 295              		.loc 1 232 14 is_stmt 0 view .LVU37
 296 0014 2046     		mov	r0, r4
 297 0016 FFF7FEFF 		bl	HAL_ADC_GetValue
ARM GAS  /var/folders/sd/sw6_rvdd1xd6sxxq8gkv_lph0000gn/T//ccoQf4Gj.s 			page 10


 298              	.LVL5:
 299              		.loc 1 232 12 view .LVU38
 300 001a 054B     		ldr	r3, .L22+4
 301 001c 1880     		strh	r0, [r3]	@ movhi
 233:Core/Src/stm32f4xx_it.c ****   HAL_ADC_Stop(&hadc2);
 302              		.loc 1 233 3 is_stmt 1 view .LVU39
 303 001e 2046     		mov	r0, r4
 304 0020 FFF7FEFF 		bl	HAL_ADC_Stop
 305              	.LVL6:
 234:Core/Src/stm32f4xx_it.c **** 
 235:Core/Src/stm32f4xx_it.c ****   /* USER CODE END TIM3_IRQn 0 */
 236:Core/Src/stm32f4xx_it.c ****   HAL_TIM_IRQHandler(&htim3);
 306              		.loc 1 236 3 view .LVU40
 307 0024 0348     		ldr	r0, .L22+8
 308 0026 FFF7FEFF 		bl	HAL_TIM_IRQHandler
 309              	.LVL7:
 237:Core/Src/stm32f4xx_it.c ****   /* USER CODE BEGIN TIM3_IRQn 1 */
 238:Core/Src/stm32f4xx_it.c **** 
 239:Core/Src/stm32f4xx_it.c ****   /* USER CODE END TIM3_IRQn 1 */
 240:Core/Src/stm32f4xx_it.c **** }
 310              		.loc 1 240 1 is_stmt 0 view .LVU41
 311 002a 10BD     		pop	{r4, pc}
 312              	.L23:
 313              		.align	2
 314              	.L22:
 315 002c 00000000 		.word	hadc2
 316 0030 00000000 		.word	envelope
 317 0034 00000000 		.word	htim3
 318              		.cfi_endproc
 319              	.LFE245:
 321              		.section	.text.TIM4_IRQHandler,"ax",%progbits
 322              		.align	1
 323              		.global	TIM4_IRQHandler
 324              		.syntax unified
 325              		.thumb
 326              		.thumb_func
 327              		.fpu fpv4-sp-d16
 329              	TIM4_IRQHandler:
 330              	.LFB246:
 241:Core/Src/stm32f4xx_it.c **** 
 242:Core/Src/stm32f4xx_it.c **** /**
 243:Core/Src/stm32f4xx_it.c ****   * @brief This function handles TIM4 global interrupt.
 244:Core/Src/stm32f4xx_it.c ****   */
 245:Core/Src/stm32f4xx_it.c **** void TIM4_IRQHandler(void)
 246:Core/Src/stm32f4xx_it.c **** {
 331              		.loc 1 246 1 is_stmt 1 view -0
 332              		.cfi_startproc
 333              		@ args = 0, pretend = 0, frame = 56
 334              		@ frame_needed = 0, uses_anonymous_args = 0
 335 0000 00B5     		push	{lr}
 336              	.LCFI3:
 337              		.cfi_def_cfa_offset 4
 338              		.cfi_offset 14, -4
 339 0002 8FB0     		sub	sp, sp, #60
 340              	.LCFI4:
 341              		.cfi_def_cfa_offset 64
 247:Core/Src/stm32f4xx_it.c ****   /* USER CODE BEGIN TIM4_IRQn 0 */
ARM GAS  /var/folders/sd/sw6_rvdd1xd6sxxq8gkv_lph0000gn/T//ccoQf4Gj.s 			page 11


 248:Core/Src/stm32f4xx_it.c ****   //HAL_UART_Transmit(&huart4, envelope_array, strlen(envelope_array), HAL_MAX_DELAY);
 249:Core/Src/stm32f4xx_it.c ****   uint8_t msg[50] = "Hello World!";
 342              		.loc 1 249 3 view .LVU43
 343              		.loc 1 249 11 is_stmt 0 view .LVU44
 344 0004 0E4B     		ldr	r3, .L26
 345 0006 0DF1040C 		add	ip, sp, #4
 346 000a 0FCB     		ldm	r3, {r0, r1, r2, r3}
 347 000c ACE80700 		stmia	ip!, {r0, r1, r2}
 348 0010 8CF80030 		strb	r3, [ip]
 349 0014 2522     		movs	r2, #37
 350 0016 0021     		movs	r1, #0
 351 0018 0DF11100 		add	r0, sp, #17
 352 001c FFF7FEFF 		bl	memset
 353              	.LVL8:
 250:Core/Src/stm32f4xx_it.c ****   HAL_UART_Transmit(&huart4, msg, strlen(msg), HAL_MAX_DELAY);
 354              		.loc 1 250 3 is_stmt 1 view .LVU45
 355              		.loc 1 250 35 is_stmt 0 view .LVU46
 356 0020 01A8     		add	r0, sp, #4
 357 0022 FFF7FEFF 		bl	strlen
 358              	.LVL9:
 359              		.loc 1 250 3 view .LVU47
 360 0026 4FF0FF33 		mov	r3, #-1
 361 002a 82B2     		uxth	r2, r0
 362 002c 01A9     		add	r1, sp, #4
 363 002e 0548     		ldr	r0, .L26+4
 364 0030 FFF7FEFF 		bl	HAL_UART_Transmit
 365              	.LVL10:
 251:Core/Src/stm32f4xx_it.c ****   /* USER CODE END TIM4_IRQn 0 */
 252:Core/Src/stm32f4xx_it.c ****   HAL_TIM_IRQHandler(&htim4);
 366              		.loc 1 252 3 is_stmt 1 view .LVU48
 367 0034 0448     		ldr	r0, .L26+8
 368 0036 FFF7FEFF 		bl	HAL_TIM_IRQHandler
 369              	.LVL11:
 253:Core/Src/stm32f4xx_it.c ****   /* USER CODE BEGIN TIM4_IRQn 1 */
 254:Core/Src/stm32f4xx_it.c **** 
 255:Core/Src/stm32f4xx_it.c ****   /* USER CODE END TIM4_IRQn 1 */
 256:Core/Src/stm32f4xx_it.c **** }
 370              		.loc 1 256 1 is_stmt 0 view .LVU49
 371 003a 0FB0     		add	sp, sp, #60
 372              	.LCFI5:
 373              		.cfi_def_cfa_offset 4
 374              		@ sp needed
 375 003c 5DF804FB 		ldr	pc, [sp], #4
 376              	.L27:
 377              		.align	2
 378              	.L26:
 379 0040 00000000 		.word	.LANCHOR0
 380 0044 00000000 		.word	huart4
 381 0048 00000000 		.word	htim4
 382              		.cfi_endproc
 383              	.LFE246:
 385              		.section	.text.OTG_FS_IRQHandler,"ax",%progbits
 386              		.align	1
 387              		.global	OTG_FS_IRQHandler
 388              		.syntax unified
 389              		.thumb
 390              		.thumb_func
ARM GAS  /var/folders/sd/sw6_rvdd1xd6sxxq8gkv_lph0000gn/T//ccoQf4Gj.s 			page 12


 391              		.fpu fpv4-sp-d16
 393              	OTG_FS_IRQHandler:
 394              	.LFB247:
 257:Core/Src/stm32f4xx_it.c **** 
 258:Core/Src/stm32f4xx_it.c **** /**
 259:Core/Src/stm32f4xx_it.c ****   * @brief This function handles USB On The Go FS global interrupt.
 260:Core/Src/stm32f4xx_it.c ****   */
 261:Core/Src/stm32f4xx_it.c **** void OTG_FS_IRQHandler(void)
 262:Core/Src/stm32f4xx_it.c **** {
 395              		.loc 1 262 1 is_stmt 1 view -0
 396              		.cfi_startproc
 397              		@ args = 0, pretend = 0, frame = 0
 398              		@ frame_needed = 0, uses_anonymous_args = 0
 399 0000 08B5     		push	{r3, lr}
 400              	.LCFI6:
 401              		.cfi_def_cfa_offset 8
 402              		.cfi_offset 3, -8
 403              		.cfi_offset 14, -4
 263:Core/Src/stm32f4xx_it.c ****   /* USER CODE BEGIN OTG_FS_IRQn 0 */
 264:Core/Src/stm32f4xx_it.c **** 
 265:Core/Src/stm32f4xx_it.c ****   /* USER CODE END OTG_FS_IRQn 0 */
 266:Core/Src/stm32f4xx_it.c ****   HAL_HCD_IRQHandler(&hhcd_USB_OTG_FS);
 404              		.loc 1 266 3 view .LVU51
 405 0002 0248     		ldr	r0, .L30
 406 0004 FFF7FEFF 		bl	HAL_HCD_IRQHandler
 407              	.LVL12:
 267:Core/Src/stm32f4xx_it.c ****   /* USER CODE BEGIN OTG_FS_IRQn 1 */
 268:Core/Src/stm32f4xx_it.c **** 
 269:Core/Src/stm32f4xx_it.c ****   /* USER CODE END OTG_FS_IRQn 1 */
 270:Core/Src/stm32f4xx_it.c **** }
 408              		.loc 1 270 1 is_stmt 0 view .LVU52
 409 0008 08BD     		pop	{r3, pc}
 410              	.L31:
 411 000a 00BF     		.align	2
 412              	.L30:
 413 000c 00000000 		.word	hhcd_USB_OTG_FS
 414              		.cfi_endproc
 415              	.LFE247:
 417              		.section	.rodata
 418              		.align	2
 419              		.set	.LANCHOR0,. + 0
 420              	.LC0:
 421 0000 48656C6C 		.ascii	"Hello World!\000"
 421      6F20576F 
 421      726C6421 
 421      00
 422 000d 00000000 		.space	37
 422      00000000 
 422      00000000 
 422      00000000 
 422      00000000 
 423              		.text
 424              	.Letext0:
 425              		.file 2 "/opt/homebrew/Caskroom/gcc-arm-embedded/10-2020-q4-major/gcc-arm-none-eabi-10-2020-q4-maj
 426              		.file 3 "/opt/homebrew/Caskroom/gcc-arm-embedded/10-2020-q4-major/gcc-arm-none-eabi-10-2020-q4-maj
 427              		.file 4 "Drivers/CMSIS/Device/ST/STM32F4xx/Include/stm32f407xx.h"
 428              		.file 5 "Drivers/CMSIS/Device/ST/STM32F4xx/Include/stm32f4xx.h"
ARM GAS  /var/folders/sd/sw6_rvdd1xd6sxxq8gkv_lph0000gn/T//ccoQf4Gj.s 			page 13


 429              		.file 6 "Drivers/STM32F4xx_HAL_Driver/Inc/stm32f4xx_hal_def.h"
 430              		.file 7 "Drivers/STM32F4xx_HAL_Driver/Inc/stm32f4xx_hal_gpio.h"
 431              		.file 8 "Drivers/STM32F4xx_HAL_Driver/Inc/stm32f4xx_hal_dma.h"
 432              		.file 9 "Drivers/STM32F4xx_HAL_Driver/Inc/stm32f4xx_hal_adc.h"
 433              		.file 10 "Drivers/STM32F4xx_HAL_Driver/Inc/stm32f4xx_hal_tim.h"
 434              		.file 11 "Drivers/STM32F4xx_HAL_Driver/Inc/stm32f4xx_hal_uart.h"
 435              		.file 12 "Drivers/STM32F4xx_HAL_Driver/Inc/stm32f4xx_ll_usb.h"
 436              		.file 13 "Drivers/STM32F4xx_HAL_Driver/Inc/stm32f4xx_hal_hcd.h"
 437              		.file 14 "<built-in>"
 438              		.file 15 "Drivers/STM32F4xx_HAL_Driver/Inc/stm32f4xx_hal.h"
ARM GAS  /var/folders/sd/sw6_rvdd1xd6sxxq8gkv_lph0000gn/T//ccoQf4Gj.s 			page 14


DEFINED SYMBOLS
                            *ABS*:0000000000000000 stm32f4xx_it.c
/var/folders/sd/sw6_rvdd1xd6sxxq8gkv_lph0000gn/T//ccoQf4Gj.s:18     .text.NMI_Handler:0000000000000000 $t
/var/folders/sd/sw6_rvdd1xd6sxxq8gkv_lph0000gn/T//ccoQf4Gj.s:26     .text.NMI_Handler:0000000000000000 NMI_Handler
/var/folders/sd/sw6_rvdd1xd6sxxq8gkv_lph0000gn/T//ccoQf4Gj.s:44     .text.HardFault_Handler:0000000000000000 $t
/var/folders/sd/sw6_rvdd1xd6sxxq8gkv_lph0000gn/T//ccoQf4Gj.s:51     .text.HardFault_Handler:0000000000000000 HardFault_Handler
/var/folders/sd/sw6_rvdd1xd6sxxq8gkv_lph0000gn/T//ccoQf4Gj.s:68     .text.MemManage_Handler:0000000000000000 $t
/var/folders/sd/sw6_rvdd1xd6sxxq8gkv_lph0000gn/T//ccoQf4Gj.s:75     .text.MemManage_Handler:0000000000000000 MemManage_Handler
/var/folders/sd/sw6_rvdd1xd6sxxq8gkv_lph0000gn/T//ccoQf4Gj.s:92     .text.BusFault_Handler:0000000000000000 $t
/var/folders/sd/sw6_rvdd1xd6sxxq8gkv_lph0000gn/T//ccoQf4Gj.s:99     .text.BusFault_Handler:0000000000000000 BusFault_Handler
/var/folders/sd/sw6_rvdd1xd6sxxq8gkv_lph0000gn/T//ccoQf4Gj.s:116    .text.UsageFault_Handler:0000000000000000 $t
/var/folders/sd/sw6_rvdd1xd6sxxq8gkv_lph0000gn/T//ccoQf4Gj.s:123    .text.UsageFault_Handler:0000000000000000 UsageFault_Handler
/var/folders/sd/sw6_rvdd1xd6sxxq8gkv_lph0000gn/T//ccoQf4Gj.s:140    .text.SVC_Handler:0000000000000000 $t
/var/folders/sd/sw6_rvdd1xd6sxxq8gkv_lph0000gn/T//ccoQf4Gj.s:147    .text.SVC_Handler:0000000000000000 SVC_Handler
/var/folders/sd/sw6_rvdd1xd6sxxq8gkv_lph0000gn/T//ccoQf4Gj.s:160    .text.DebugMon_Handler:0000000000000000 $t
/var/folders/sd/sw6_rvdd1xd6sxxq8gkv_lph0000gn/T//ccoQf4Gj.s:167    .text.DebugMon_Handler:0000000000000000 DebugMon_Handler
/var/folders/sd/sw6_rvdd1xd6sxxq8gkv_lph0000gn/T//ccoQf4Gj.s:180    .text.PendSV_Handler:0000000000000000 $t
/var/folders/sd/sw6_rvdd1xd6sxxq8gkv_lph0000gn/T//ccoQf4Gj.s:187    .text.PendSV_Handler:0000000000000000 PendSV_Handler
/var/folders/sd/sw6_rvdd1xd6sxxq8gkv_lph0000gn/T//ccoQf4Gj.s:200    .text.SysTick_Handler:0000000000000000 $t
/var/folders/sd/sw6_rvdd1xd6sxxq8gkv_lph0000gn/T//ccoQf4Gj.s:207    .text.SysTick_Handler:0000000000000000 SysTick_Handler
/var/folders/sd/sw6_rvdd1xd6sxxq8gkv_lph0000gn/T//ccoQf4Gj.s:227    .text.TIM2_IRQHandler:0000000000000000 $t
/var/folders/sd/sw6_rvdd1xd6sxxq8gkv_lph0000gn/T//ccoQf4Gj.s:234    .text.TIM2_IRQHandler:0000000000000000 TIM2_IRQHandler
/var/folders/sd/sw6_rvdd1xd6sxxq8gkv_lph0000gn/T//ccoQf4Gj.s:260    .text.TIM2_IRQHandler:0000000000000014 $d
/var/folders/sd/sw6_rvdd1xd6sxxq8gkv_lph0000gn/T//ccoQf4Gj.s:266    .text.TIM3_IRQHandler:0000000000000000 $t
/var/folders/sd/sw6_rvdd1xd6sxxq8gkv_lph0000gn/T//ccoQf4Gj.s:273    .text.TIM3_IRQHandler:0000000000000000 TIM3_IRQHandler
/var/folders/sd/sw6_rvdd1xd6sxxq8gkv_lph0000gn/T//ccoQf4Gj.s:315    .text.TIM3_IRQHandler:000000000000002c $d
/var/folders/sd/sw6_rvdd1xd6sxxq8gkv_lph0000gn/T//ccoQf4Gj.s:322    .text.TIM4_IRQHandler:0000000000000000 $t
/var/folders/sd/sw6_rvdd1xd6sxxq8gkv_lph0000gn/T//ccoQf4Gj.s:329    .text.TIM4_IRQHandler:0000000000000000 TIM4_IRQHandler
/var/folders/sd/sw6_rvdd1xd6sxxq8gkv_lph0000gn/T//ccoQf4Gj.s:379    .text.TIM4_IRQHandler:0000000000000040 $d
/var/folders/sd/sw6_rvdd1xd6sxxq8gkv_lph0000gn/T//ccoQf4Gj.s:386    .text.OTG_FS_IRQHandler:0000000000000000 $t
/var/folders/sd/sw6_rvdd1xd6sxxq8gkv_lph0000gn/T//ccoQf4Gj.s:393    .text.OTG_FS_IRQHandler:0000000000000000 OTG_FS_IRQHandler
/var/folders/sd/sw6_rvdd1xd6sxxq8gkv_lph0000gn/T//ccoQf4Gj.s:413    .text.OTG_FS_IRQHandler:000000000000000c $d
/var/folders/sd/sw6_rvdd1xd6sxxq8gkv_lph0000gn/T//ccoQf4Gj.s:418    .rodata:0000000000000000 $d

UNDEFINED SYMBOLS
HAL_IncTick
HAL_GPIO_WritePin
HAL_TIM_IRQHandler
htim2
HAL_ADC_Start
HAL_ADC_PollForConversion
HAL_ADC_GetValue
HAL_ADC_Stop
hadc2
envelope
htim3
memset
strlen
HAL_UART_Transmit
huart4
htim4
HAL_HCD_IRQHandler
hhcd_USB_OTG_FS
